00000000 PRG 2022-06-03 09:21:33 10132 14272 "Error loading C:\Program Files (x86)\HPCCSystems\8.4.20\clienttools\filehooks\gitfile.lib: 193 - 193"
00000001 PRG 2022-06-03 09:21:33 11632  2524 "File hook library C:\Program Files (x86)\HPCCSystems\8.4.20\clienttools\filehooks\gitfile.lib could not be loaded"
00000002 PRG 2022-06-03 09:21:33 12520  9128 "Loading plugin C:\Program Files (x86)\HPCCSystems\8.4.20\clienttools\plugins\auditlib.dll[lib_auditlib] version = AUDITLIB 1.0.1"
00000003 PRG 2022-06-03 09:21:33 12520  9128 "Loading library C:\Program Files (x86)\HPCCSystems\8.4.20\clienttools\plugins\couchbase.ecllib"
00000004 PRG 2022-06-03 09:21:33 12520  9128 "Loading plugin C:\Program Files (x86)\HPCCSystems\8.4.20\clienttools\plugins\debugservices.dll[lib_debugservices] version = DEBUGSERVICES 1.0.1"
00000005 PRG 2022-06-03 09:21:33 10132 14272 "Loading plugin C:\Program Files (x86)\HPCCSystems\8.4.20\clienttools\plugins\fileservices.dll[lib_fileservices] version = FILESERVICES 2.1.4"
00000006 PRG 2022-06-03 09:21:33 10132 14272 "Loading library C:\Program Files (x86)\HPCCSystems\8.4.20\clienttools\plugins\java.ecllib"
00000007 PRG 2022-06-03 09:21:33 10132 14272 "Loading library C:\Program Files (x86)\HPCCSystems\8.4.20\clienttools\plugins\javascript.ecllib"
00000008 PRG 2022-06-03 09:21:33 10132 14272 "Loading library C:\Program Files (x86)\HPCCSystems\8.4.20\clienttools\plugins\kafka.ecllib"
00000009 PRG 2022-06-03 09:21:33 10132 14272 "Loading library C:\Program Files (x86)\HPCCSystems\8.4.20\clienttools\plugins\lib_cryptolib.ecllib"
0000000A PRG 2022-06-03 09:21:33 10132 14272 "Loading library C:\Program Files (x86)\HPCCSystems\8.4.20\clienttools\plugins\lib_eclblas.ecllib"
0000000B PRG 2022-06-03 09:21:33 10132 14272 "Loading library C:\Program Files (x86)\HPCCSystems\8.4.20\clienttools\plugins\lib_h3.ecllib"
0000000C PRG 2022-06-03 09:21:33 10132 14272 "Loading library C:\Program Files (x86)\HPCCSystems\8.4.20\clienttools\plugins\lib_keylib.ecllib"
0000000D PRG 2022-06-03 09:21:33 10132 14272 "Loading library C:\Program Files (x86)\HPCCSystems\8.4.20\clienttools\plugins\lib_memcached.ecllib"
0000000E PRG 2022-06-03 09:21:33 10132 14272 "Loading library C:\Program Files (x86)\HPCCSystems\8.4.20\clienttools\plugins\lib_metaphone.ecllib"
0000000F PRG 2022-06-03 09:21:33 10132 14272 "Loading library C:\Program Files (x86)\HPCCSystems\8.4.20\clienttools\plugins\lib_metaphone3.ecllib"
00000010 PRG 2022-06-03 09:21:33 10132 14272 "Loading library C:\Program Files (x86)\HPCCSystems\8.4.20\clienttools\plugins\lib_nlp.ecllib"
00000011 PRG 2022-06-03 09:21:33 10132 14272 "Loading library C:\Program Files (x86)\HPCCSystems\8.4.20\clienttools\plugins\lib_redis.ecllib"
00000012 PRG 2022-06-03 09:21:33 10132 14272 "Loading library C:\Program Files (x86)\HPCCSystems\8.4.20\clienttools\plugins\lib_saltlib.ecllib"
00000013 PRG 2022-06-03 09:21:33 10132 14272 "Loading library C:\Program Files (x86)\HPCCSystems\8.4.20\clienttools\plugins\lib_thorlib.ecllib"
00000014 PRG 2022-06-03 09:21:33 10132 14272 "Loading library C:\Program Files (x86)\HPCCSystems\8.4.20\clienttools\plugins\lib_word.ecllib"
00000015 PRG 2022-06-03 09:21:33 10132 14272 "Loading plugin C:\Program Files (x86)\HPCCSystems\8.4.20\clienttools\plugins\logging.dll[lib_logging] version = LOGGING 1.0.1"
00000016 PRG 2022-06-03 09:21:33 10132 14272 "Loading library C:\Program Files (x86)\HPCCSystems\8.4.20\clienttools\plugins\mysql.ecllib"
00000017 USR 2022-06-03 09:21:33 10132 14272 "WARNING: getECLPluginDefinition not found in C:\Program Files (x86)\HPCCSystems\8.4.20\clienttools\plugins\nlp.dll, unloading"
00000018 PRG 2022-06-03 09:21:33 12520  9128 "Loading plugin C:\Program Files (x86)\HPCCSystems\8.4.20\clienttools\plugins\parselib.dll[lib_parselib] version = PARSELIB 1.0.1"
00000019 PRG 2022-06-03 09:21:33 12520  9128 "Loading library C:\Program Files (x86)\HPCCSystems\8.4.20\clienttools\plugins\python3.ecllib"
0000001A PRG 2022-06-03 09:21:33 12520  9128 "Loading library C:\Program Files (x86)\HPCCSystems\8.4.20\clienttools\plugins\R.ecllib"
0000001B PRG 2022-06-03 09:21:33 12520  9128 "Loading library C:\Program Files (x86)\HPCCSystems\8.4.20\clienttools\plugins\sqlite3.ecllib"
0000001C PRG 2022-06-03 09:21:33 12520  9128 "Loading library C:\Program Files (x86)\HPCCSystems\8.4.20\clienttools\plugins\sqs.ecllib"
0000001D PRG 2022-06-03 09:21:33 10132 14272 "Loading plugin C:\Program Files (x86)\HPCCSystems\8.4.20\clienttools\plugins\stringlib.dll[lib_stringlib] version = STRINGLIB 1.1.14"
0000001E PRG 2022-06-03 09:21:33 12520  9128 "Loading plugin C:\Program Files (x86)\HPCCSystems\8.4.20\clienttools\plugins\timelib.dll[lib_timelib] version = TIMELIB 1.0.0"
0000001F PRG 2022-06-03 09:21:33 10132 14272 "Loading plugin C:\Program Files (x86)\HPCCSystems\8.4.20\clienttools\plugins\unicodelib.dll[lib_unicodelib] version = UNICODELIB 1.1.06"
00000020 PRG 2022-06-03 09:21:33 10132 14272 "Loading plugin C:\Program Files (x86)\HPCCSystems\8.4.20\clienttools\plugins\workunitservices.dll[lib_WORKUNITSERVICES] version = WORKUNITSERVICES 1.0.2"
